[2023-04-02 at 23:08:57] | ---------- New Run ----------
[2023-04-02 at 23:08:57] | Skeletonizing mask...
[2023-04-02 at 23:08:57] | skeletonization is done.
[2023-04-02 at 23:08:57] | Computing centerline...
[2023-04-02 at 23:08:57] | centerline computation is done.
[2023-04-02 at 23:08:57] | Resolving links and nodes...
[2023-04-02 at 23:08:59] | links and nodes have been resolved.
[2023-04-02 at 23:08:59] | Computing distance transform...
[2023-04-02 at 23:08:59] | distance transform done.
[2023-04-02 at 23:08:59] | Computing link widths and lengths...
[2023-04-02 at 23:08:59] | link widths and lengths computed.
[2023-04-02 at 23:08:59] | Generating mesh...
[2023-04-02 at 23:09:00] | mesh generation is done.
[2023-04-02 at 23:10:20] | ---------- New Run ----------
[2023-04-02 at 23:10:20] | Skeletonizing mask...
[2023-04-02 at 23:10:20] | skeletonization is done.
[2023-04-02 at 23:10:20] | Computing centerline...
[2023-04-02 at 23:10:21] | centerline computation is done.
[2023-04-02 at 23:10:21] | Resolving links and nodes...
[2023-04-02 at 23:10:23] | links and nodes have been resolved.
[2023-04-02 at 23:10:23] | Computing distance transform...
[2023-04-02 at 23:10:23] | distance transform done.
[2023-04-02 at 23:10:23] | Computing link widths and lengths...
[2023-04-02 at 23:10:24] | link widths and lengths computed.
[2023-04-02 at 23:10:24] | Generating mesh...
[2023-04-02 at 23:10:24] | mesh generation is done.
[2023-04-02 at 23:24:23] | ---------- New Run ----------
[2023-04-02 at 23:24:23] | Skeletonizing mask...
[2023-04-02 at 23:24:23] | skeletonization is done.
[2023-04-02 at 23:24:23] | Computing centerline...
[2023-04-02 at 23:24:24] | centerline computation is done.
[2023-04-02 at 23:24:24] | Resolving links and nodes...
[2023-04-02 at 23:24:25] | links and nodes have been resolved.
[2023-04-02 at 23:24:25] | Computing distance transform...
[2023-04-02 at 23:24:26] | distance transform done.
[2023-04-02 at 23:24:26] | Computing link widths and lengths...
[2023-04-02 at 23:24:26] | link widths and lengths computed.
[2023-04-02 at 23:24:26] | Generating mesh...
[2023-04-02 at 23:24:26] | mesh generation is done.
[2023-04-02 at 23:25:08] | ---------- New Run ----------
[2023-04-02 at 23:25:08] | Skeletonizing mask...
[2023-04-02 at 23:25:08] | skeletonization is done.
[2023-04-02 at 23:25:08] | Computing centerline...
[2023-04-02 at 23:25:08] | centerline computation is done.
[2023-04-02 at 23:25:08] | Resolving links and nodes...
[2023-04-02 at 23:25:10] | links and nodes have been resolved.
[2023-04-02 at 23:25:10] | Computing distance transform...
[2023-04-02 at 23:25:11] | distance transform done.
[2023-04-02 at 23:25:11] | Computing link widths and lengths...
[2023-04-02 at 23:25:11] | link widths and lengths computed.
[2023-04-02 at 23:25:11] | Generating mesh...
[2023-04-02 at 23:25:11] | mesh generation is done.
[2023-04-02 at 23:30:03] | ---------- New Run ----------
[2023-04-02 at 23:30:03] | Skeletonizing mask...
[2023-04-02 at 23:30:03] | skeletonization is done.
[2023-04-02 at 23:30:03] | Computing centerline...
[2023-04-02 at 23:30:04] | centerline computation is done.
[2023-04-02 at 23:30:04] | Resolving links and nodes...
[2023-04-02 at 23:30:06] | links and nodes have been resolved.
[2023-04-02 at 23:30:06] | Computing distance transform...
[2023-04-02 at 23:30:06] | distance transform done.
[2023-04-02 at 23:30:06] | Computing link widths and lengths...
[2023-04-02 at 23:30:06] | link widths and lengths computed.
[2023-04-02 at 23:30:06] | Generating mesh...
[2023-04-02 at 23:30:06] | mesh generation is done.
[2023-04-02 at 23:33:16] | ---------- New Run ----------
[2023-04-02 at 23:33:16] | Skeletonizing mask...
[2023-04-02 at 23:33:17] | skeletonization is done.
[2023-04-02 at 23:33:17] | Computing centerline...
[2023-04-02 at 23:33:17] | centerline computation is done.
[2023-04-02 at 23:33:17] | Resolving links and nodes...
[2023-04-02 at 23:33:20] | links and nodes have been resolved.
[2023-04-02 at 23:33:20] | Computing distance transform...
[2023-04-02 at 23:33:20] | distance transform done.
[2023-04-02 at 23:33:20] | Computing link widths and lengths...
[2023-04-02 at 23:33:20] | link widths and lengths computed.
[2023-04-02 at 23:33:20] | Generating mesh...
[2023-04-02 at 23:33:20] | mesh generation is done.
[2023-04-02 at 23:36:38] | ---------- New Run ----------
[2023-04-02 at 23:36:38] | Skeletonizing mask...
[2023-04-02 at 23:36:38] | skeletonization is done.
[2023-04-02 at 23:36:38] | Computing centerline...
[2023-04-02 at 23:36:39] | centerline computation is done.
[2023-04-02 at 23:36:39] | Resolving links and nodes...
[2023-04-02 at 23:36:42] | links and nodes have been resolved.
[2023-04-02 at 23:36:42] | Computing distance transform...
[2023-04-02 at 23:36:42] | distance transform done.
[2023-04-02 at 23:36:42] | Computing link widths and lengths...
[2023-04-02 at 23:36:42] | link widths and lengths computed.
[2023-04-02 at 23:36:42] | Generating mesh...
[2023-04-02 at 23:36:43] | mesh generation is done.
[2023-04-02 at 23:38:10] | ---------- New Run ----------
[2023-04-02 at 23:38:10] | Skeletonizing mask...
[2023-04-02 at 23:38:10] | skeletonization is done.
[2023-04-02 at 23:38:10] | Computing centerline...
[2023-04-02 at 23:38:11] | centerline computation is done.
[2023-04-02 at 23:38:11] | Resolving links and nodes...
[2023-04-02 at 23:38:13] | links and nodes have been resolved.
[2023-04-02 at 23:38:13] | Computing distance transform...
[2023-04-02 at 23:38:13] | distance transform done.
[2023-04-02 at 23:38:13] | Computing link widths and lengths...
[2023-04-02 at 23:38:13] | link widths and lengths computed.
[2023-04-02 at 23:38:13] | Generating mesh...
[2023-04-02 at 23:38:13] | mesh generation is done.
[2023-04-02 at 23:40:18] | ---------- New Run ----------
[2023-04-02 at 23:40:18] | Skeletonizing mask...
[2023-04-02 at 23:40:19] | skeletonization is done.
[2023-04-02 at 23:40:19] | Computing centerline...
[2023-04-02 at 23:40:19] | centerline computation is done.
[2023-04-02 at 23:40:19] | Resolving links and nodes...
[2023-04-02 at 23:40:21] | links and nodes have been resolved.
[2023-04-02 at 23:40:21] | Computing distance transform...
[2023-04-02 at 23:40:21] | distance transform done.
[2023-04-02 at 23:40:21] | Computing link widths and lengths...
[2023-04-02 at 23:40:21] | link widths and lengths computed.
[2023-04-02 at 23:40:21] | Generating mesh...
[2023-04-02 at 23:40:22] | mesh generation is done.
[2023-04-02 at 23:41:10] | ---------- New Run ----------
[2023-04-02 at 23:41:10] | Skeletonizing mask...
[2023-04-02 at 23:41:11] | skeletonization is done.
[2023-04-02 at 23:41:11] | Computing centerline...
[2023-04-02 at 23:41:12] | centerline computation is done.
[2023-04-02 at 23:41:12] | Resolving links and nodes...
[2023-04-02 at 23:41:14] | links and nodes have been resolved.
[2023-04-02 at 23:41:14] | Computing distance transform...
[2023-04-02 at 23:41:14] | distance transform done.
[2023-04-02 at 23:41:14] | Computing link widths and lengths...
[2023-04-02 at 23:41:14] | link widths and lengths computed.
[2023-04-02 at 23:41:14] | Generating mesh...
[2023-04-02 at 23:41:14] | mesh generation is done.
[2023-04-02 at 23:47:16] | ---------- New Run ----------
[2023-04-02 at 23:47:16] | Skeletonizing mask...
[2023-04-02 at 23:47:16] | skeletonization is done.
[2023-04-02 at 23:47:16] | Computing centerline...
[2023-04-02 at 23:47:17] | centerline computation is done.
[2023-04-02 at 23:47:17] | Resolving links and nodes...
[2023-04-02 at 23:47:19] | links and nodes have been resolved.
[2023-04-02 at 23:47:19] | Computing distance transform...
[2023-04-02 at 23:47:19] | distance transform done.
[2023-04-02 at 23:47:19] | Computing link widths and lengths...
[2023-04-02 at 23:47:19] | link widths and lengths computed.
[2023-04-02 at 23:47:19] | Generating mesh...
[2023-04-02 at 23:47:19] | mesh generation is done.
[2023-04-02 at 23:48:41] | ---------- New Run ----------
[2023-04-02 at 23:48:41] | Skeletonizing mask...
[2023-04-02 at 23:48:42] | skeletonization is done.
[2023-04-02 at 23:48:42] | Computing centerline...
[2023-04-02 at 23:48:42] | centerline computation is done.
[2023-04-02 at 23:48:42] | Resolving links and nodes...
[2023-04-02 at 23:48:44] | links and nodes have been resolved.
[2023-04-02 at 23:48:44] | Computing distance transform...
[2023-04-02 at 23:48:45] | distance transform done.
[2023-04-02 at 23:48:45] | Computing link widths and lengths...
[2023-04-02 at 23:48:45] | link widths and lengths computed.
[2023-04-02 at 23:48:45] | Generating mesh...
[2023-04-02 at 23:48:45] | mesh generation is done.
[2023-04-02 at 23:49:07] | ---------- New Run ----------
[2023-04-02 at 23:49:07] | Skeletonizing mask...
[2023-04-02 at 23:49:07] | skeletonization is done.
[2023-04-02 at 23:49:07] | Computing centerline...
[2023-04-02 at 23:49:08] | centerline computation is done.
[2023-04-02 at 23:49:08] | Resolving links and nodes...
[2023-04-02 at 23:49:10] | links and nodes have been resolved.
[2023-04-02 at 23:49:10] | Computing distance transform...
[2023-04-02 at 23:49:10] | distance transform done.
[2023-04-02 at 23:49:10] | Computing link widths and lengths...
[2023-04-02 at 23:49:10] | link widths and lengths computed.
[2023-04-02 at 23:49:10] | Generating mesh...
[2023-04-02 at 23:49:10] | mesh generation is done.
[2023-04-02 at 23:50:34] | ---------- New Run ----------
[2023-04-02 at 23:50:34] | Skeletonizing mask...
[2023-04-02 at 23:50:34] | skeletonization is done.
[2023-04-02 at 23:50:34] | Computing centerline...
[2023-04-02 at 23:50:35] | centerline computation is done.
[2023-04-02 at 23:50:35] | Resolving links and nodes...
[2023-04-02 at 23:50:37] | links and nodes have been resolved.
[2023-04-02 at 23:50:37] | Computing distance transform...
[2023-04-02 at 23:50:37] | distance transform done.
[2023-04-02 at 23:50:37] | Computing link widths and lengths...
[2023-04-02 at 23:50:37] | link widths and lengths computed.
[2023-04-02 at 23:50:37] | Generating mesh...
[2023-04-02 at 23:50:37] | mesh generation is done.
[2023-04-02 at 23:52:26] | ---------- New Run ----------
[2023-04-02 at 23:52:26] | Skeletonizing mask...
[2023-04-02 at 23:52:26] | skeletonization is done.
[2023-04-02 at 23:52:26] | Computing centerline...
[2023-04-02 at 23:52:26] | centerline computation is done.
[2023-04-02 at 23:52:26] | Resolving links and nodes...
[2023-04-02 at 23:52:28] | links and nodes have been resolved.
[2023-04-02 at 23:52:28] | Computing distance transform...
[2023-04-02 at 23:52:28] | distance transform done.
[2023-04-02 at 23:52:28] | Computing link widths and lengths...
[2023-04-02 at 23:52:28] | link widths and lengths computed.
[2023-04-02 at 23:52:29] | Generating mesh...
[2023-04-02 at 23:52:29] | mesh generation is done.
[2023-04-02 at 23:54:36] | ---------- New Run ----------
[2023-04-02 at 23:54:36] | Skeletonizing mask...
[2023-04-02 at 23:54:36] | skeletonization is done.
[2023-04-02 at 23:54:36] | Computing centerline...
[2023-04-02 at 23:54:37] | centerline computation is done.
[2023-04-02 at 23:54:37] | Resolving links and nodes...
[2023-04-02 at 23:54:39] | links and nodes have been resolved.
[2023-04-02 at 23:54:39] | Computing distance transform...
[2023-04-02 at 23:54:39] | distance transform done.
[2023-04-02 at 23:54:39] | Computing link widths and lengths...
[2023-04-02 at 23:54:39] | link widths and lengths computed.
[2023-04-02 at 23:54:39] | Generating mesh...
[2023-04-02 at 23:54:39] | mesh generation is done.
[2023-04-02 at 23:57:04] | ---------- New Run ----------
[2023-04-02 at 23:57:04] | Skeletonizing mask...
[2023-04-02 at 23:57:04] | skeletonization is done.
[2023-04-02 at 23:57:04] | Computing centerline...
[2023-04-02 at 23:57:05] | centerline computation is done.
[2023-04-02 at 23:57:05] | Resolving links and nodes...
[2023-04-02 at 23:57:07] | links and nodes have been resolved.
[2023-04-02 at 23:57:07] | Computing distance transform...
[2023-04-02 at 23:57:07] | distance transform done.
[2023-04-02 at 23:57:07] | Computing link widths and lengths...
[2023-04-02 at 23:57:07] | link widths and lengths computed.
[2023-04-02 at 23:57:07] | Generating mesh...
[2023-04-02 at 23:57:08] | mesh generation is done.
[2023-04-03 at 00:01:18] | ---------- New Run ----------
[2023-04-03 at 00:01:18] | Skeletonizing mask...
[2023-04-03 at 00:01:18] | skeletonization is done.
[2023-04-03 at 00:01:18] | Computing centerline...
[2023-04-03 at 00:01:19] | centerline computation is done.
[2023-04-03 at 00:01:19] | Resolving links and nodes...
[2023-04-03 at 00:01:21] | links and nodes have been resolved.
[2023-04-03 at 00:01:21] | Computing distance transform...
[2023-04-03 at 00:01:21] | distance transform done.
[2023-04-03 at 00:01:21] | Computing link widths and lengths...
[2023-04-03 at 00:01:21] | link widths and lengths computed.
[2023-04-03 at 00:01:21] | Generating mesh...
[2023-04-03 at 00:01:21] | mesh generation is done.
[2023-04-03 at 00:03:02] | ---------- New Run ----------
[2023-04-03 at 00:03:02] | Skeletonizing mask...
[2023-04-03 at 00:03:02] | skeletonization is done.
[2023-04-03 at 00:03:02] | Computing centerline...
[2023-04-03 at 00:03:03] | centerline computation is done.
[2023-04-03 at 00:03:03] | Resolving links and nodes...
[2023-04-03 at 00:03:05] | links and nodes have been resolved.
[2023-04-03 at 00:03:05] | Computing distance transform...
[2023-04-03 at 00:03:05] | distance transform done.
[2023-04-03 at 00:03:05] | Computing link widths and lengths...
[2023-04-03 at 00:03:05] | link widths and lengths computed.
[2023-04-03 at 00:03:05] | Generating mesh...
[2023-04-03 at 00:03:05] | mesh generation is done.
[2023-04-03 at 00:04:52] | ---------- New Run ----------
[2023-04-03 at 00:04:52] | Skeletonizing mask...
[2023-04-03 at 00:04:52] | skeletonization is done.
[2023-04-03 at 00:04:52] | Computing centerline...
[2023-04-03 at 00:04:53] | centerline computation is done.
[2023-04-03 at 00:04:53] | Resolving links and nodes...
[2023-04-03 at 00:04:55] | links and nodes have been resolved.
[2023-04-03 at 00:04:55] | Computing distance transform...
[2023-04-03 at 00:04:56] | distance transform done.
[2023-04-03 at 00:04:56] | Computing link widths and lengths...
[2023-04-03 at 00:04:56] | link widths and lengths computed.
[2023-04-03 at 00:04:56] | Generating mesh...
[2023-04-03 at 00:04:56] | mesh generation is done.
[2023-04-03 at 00:05:32] | ---------- New Run ----------
[2023-04-03 at 00:05:32] | Skeletonizing mask...
[2023-04-03 at 00:05:33] | skeletonization is done.
[2023-04-03 at 00:05:33] | Computing centerline...
[2023-04-03 at 00:05:34] | centerline computation is done.
[2023-04-03 at 00:05:34] | Resolving links and nodes...
[2023-04-03 at 00:05:36] | links and nodes have been resolved.
[2023-04-03 at 00:05:36] | Computing distance transform...
[2023-04-03 at 00:05:36] | distance transform done.
[2023-04-03 at 00:05:36] | Computing link widths and lengths...
[2023-04-03 at 00:05:36] | link widths and lengths computed.
[2023-04-03 at 00:05:36] | Generating mesh...
[2023-04-03 at 00:05:36] | mesh generation is done.
[2023-04-03 at 00:08:32] | ---------- New Run ----------
[2023-04-03 at 00:08:32] | Skeletonizing mask...
[2023-04-03 at 00:08:33] | skeletonization is done.
[2023-04-03 at 00:08:33] | Computing centerline...
[2023-04-03 at 00:08:33] | centerline computation is done.
[2023-04-03 at 00:08:33] | Resolving links and nodes...
[2023-04-03 at 00:08:35] | links and nodes have been resolved.
[2023-04-03 at 00:08:35] | Computing distance transform...
[2023-04-03 at 00:08:35] | distance transform done.
[2023-04-03 at 00:08:35] | Computing link widths and lengths...
[2023-04-03 at 00:08:35] | link widths and lengths computed.
[2023-04-03 at 00:08:35] | Generating mesh...
[2023-04-03 at 00:08:36] | mesh generation is done.
[2023-04-03 at 00:31:33] | ---------- New Run ----------
[2023-04-03 at 00:31:33] | Skeletonizing mask...
[2023-04-03 at 00:31:33] | skeletonization is done.
[2023-04-03 at 00:31:33] | Computing centerline...
[2023-04-03 at 00:31:34] | centerline computation is done.
[2023-04-03 at 00:31:34] | Resolving links and nodes...
[2023-04-03 at 00:31:36] | links and nodes have been resolved.
[2023-04-03 at 00:31:36] | Computing distance transform...
[2023-04-03 at 00:31:36] | distance transform done.
[2023-04-03 at 00:31:36] | Computing link widths and lengths...
[2023-04-03 at 00:31:36] | link widths and lengths computed.
[2023-04-03 at 00:31:36] | Generating mesh...
[2023-04-03 at 00:31:37] | mesh generation is done.
[2023-04-03 at 08:47:14] | ---------- New Run ----------
[2023-04-03 at 08:47:14] | Skeletonizing mask...
[2023-04-03 at 08:47:14] | skeletonization is done.
[2023-04-03 at 08:47:14] | Computing centerline...
[2023-04-03 at 08:47:14] | centerline computation is done.
[2023-04-03 at 08:47:14] | Resolving links and nodes...
[2023-04-03 at 08:47:16] | links and nodes have been resolved.
[2023-04-03 at 08:47:16] | Computing distance transform...
[2023-04-03 at 08:47:16] | distance transform done.
[2023-04-03 at 08:47:16] | Computing link widths and lengths...
[2023-04-03 at 08:47:16] | link widths and lengths computed.
[2023-04-03 at 08:47:16] | Generating mesh...
[2023-04-03 at 08:47:17] | mesh generation is done.
[2023-04-03 at 16:11:47] | ---------- New Run ----------
[2023-04-03 at 16:11:47] | Skeletonizing mask...
[2023-04-03 at 16:11:47] | skeletonization is done.
[2023-04-03 at 16:11:47] | Computing centerline...
[2023-04-03 at 16:11:48] | centerline computation is done.
[2023-04-03 at 16:11:48] | Resolving links and nodes...
[2023-04-03 at 16:11:50] | links and nodes have been resolved.
[2023-04-03 at 16:11:50] | Computing distance transform...
[2023-04-03 at 16:11:50] | distance transform done.
[2023-04-03 at 16:11:50] | Computing link widths and lengths...
[2023-04-03 at 16:11:50] | link widths and lengths computed.
[2023-04-03 at 16:11:50] | Generating mesh...
[2023-04-03 at 16:11:50] | mesh generation is done.
[2023-04-03 at 16:12:47] | ---------- New Run ----------
[2023-04-03 at 16:12:47] | Skeletonizing mask...
[2023-04-03 at 16:12:47] | skeletonization is done.
[2023-04-03 at 16:12:47] | Computing centerline...
[2023-04-03 at 16:12:48] | centerline computation is done.
[2023-04-03 at 16:12:48] | Resolving links and nodes...
[2023-04-03 at 16:12:50] | links and nodes have been resolved.
[2023-04-03 at 16:12:50] | Computing distance transform...
[2023-04-03 at 16:12:50] | distance transform done.
[2023-04-03 at 16:12:50] | Computing link widths and lengths...
[2023-04-03 at 16:12:50] | link widths and lengths computed.
[2023-04-03 at 16:12:50] | Generating mesh...
[2023-04-03 at 16:12:50] | mesh generation is done.
[2023-04-03 at 16:13:19] | ---------- New Run ----------
[2023-04-03 at 16:13:19] | Skeletonizing mask...
[2023-04-03 at 16:13:20] | skeletonization is done.
[2023-04-03 at 16:13:20] | Computing centerline...
[2023-04-03 at 16:13:20] | centerline computation is done.
[2023-04-03 at 16:13:20] | Resolving links and nodes...
[2023-04-03 at 16:13:22] | links and nodes have been resolved.
[2023-04-03 at 16:13:22] | Computing distance transform...
[2023-04-03 at 16:13:22] | distance transform done.
[2023-04-03 at 16:13:22] | Computing link widths and lengths...
[2023-04-03 at 16:13:22] | link widths and lengths computed.
[2023-04-03 at 16:13:22] | Generating mesh...
[2023-04-03 at 16:13:22] | mesh generation is done.
[2023-04-03 at 16:14:43] | ---------- New Run ----------
[2023-04-03 at 16:14:43] | Skeletonizing mask...
[2023-04-03 at 16:14:43] | skeletonization is done.
[2023-04-03 at 16:14:43] | Computing centerline...
[2023-04-03 at 16:14:44] | centerline computation is done.
[2023-04-03 at 16:14:44] | Resolving links and nodes...
[2023-04-03 at 16:14:46] | links and nodes have been resolved.
[2023-04-03 at 16:14:46] | Computing distance transform...
[2023-04-03 at 16:14:46] | distance transform done.
[2023-04-03 at 16:14:46] | Computing link widths and lengths...
[2023-04-03 at 16:14:46] | link widths and lengths computed.
[2023-04-03 at 16:14:46] | Generating mesh...
[2023-04-03 at 16:14:46] | mesh generation is done.
[2023-04-03 at 16:32:59] | ---------- New Run ----------
[2023-04-03 at 16:32:59] | Skeletonizing mask...
[2023-04-03 at 16:33:00] | skeletonization is done.
[2023-04-03 at 16:33:00] | Computing centerline...
[2023-04-03 at 16:33:00] | centerline computation is done.
[2023-04-03 at 16:33:00] | Resolving links and nodes...
[2023-04-03 at 16:33:02] | links and nodes have been resolved.
[2023-04-03 at 16:33:02] | Computing distance transform...
[2023-04-03 at 16:33:02] | distance transform done.
[2023-04-03 at 16:33:02] | Computing link widths and lengths...
[2023-04-03 at 16:33:02] | link widths and lengths computed.
[2023-04-03 at 16:33:02] | Generating mesh...
[2023-04-03 at 16:33:02] | mesh generation is done.
